<?xml version="1.0" encoding="UTF-8"?>
<!-- Generated by org.testng.reporters.JUnitXMLReporter -->
<testsuite ignored="0" hostname="Sakthi" failures="0" tests="4" name="Default test" time="0.673" errors="0" timestamp="2023-12-19T20:42:10 IST">
  <testcase classname="ExcelDemo.dataTest" name="sample" time="0.009"/>
  <testcase classname="ExcelDemo.dataTest" name="sample" time="0.0"/>
  <testcase classname="ExcelDemo.dataTest" name="sample" time="0.001"/>
  <testcase classname="ExcelDemo.dataTest" name="sample" time="0.001"/>
</testsuite> <!-- Default test -->
