<?xml version="1.0" encoding="UTF-8"?>
<testng-results ignored="0" total="1" passed="1" failed="0" skipped="0">
  <reporter-output>
  </reporter-output>
  <suite started-at="2024-01-20T18:58:51 IST" name="Default suite" finished-at="2024-01-20T18:59:10 IST" duration-ms="18797">
    <groups>
    </groups>
    <test started-at="2024-01-20T18:58:51 IST" name="Default test" finished-at="2024-01-20T18:59:10 IST" duration-ms="18797">
      <class name="TestCases.Assertion">
        <test-method signature="verifyTest()[pri:0, instance:TestCases.Assertion@43195e57]" started-at="2024-01-20T18:58:51 IST" name="verifyTest" finished-at="2024-01-20T18:59:10 IST" duration-ms="18765" status="PASS">
          <reporter-output>
          </reporter-output>
        </test-method> <!-- verifyTest -->
      </class> <!-- TestCases.Assertion -->
    </test> <!-- Default test -->
  </suite> <!-- Default suite -->
</testng-results>
